<?xml version="1.0" encoding="UTF-8"?>
<!-- Generated by org.testng.reporters.JUnitXMLReporter -->
<testsuite ignored="0" hostname="MacBook-Pro-97.local" failures="0" tests="3" name="Default test" time="14.478" errors="0" timestamp="2020-03-14T02:17:29 PDT">
  <testcase classname="com.AutomationTalks.demoProject1.TestClass1" name="Test1" time="4.617"/>
  <testcase classname="com.AutomationTalks.demoProject1.TestClass1" name="Test2" time="1.961"/>
  <testcase classname="com.AutomationTalks.demoProject1.TestClass1" name="Test3" time="2.027"/>
</testsuite> <!-- Default test -->
