<?xml version="1.0" encoding="UTF-8"?>
<!-- Generated by org.testng.reporters.JUnitXMLReporter -->
<testsuite ignored="0" hostname="macbook-pro-97.lan" failures="0" tests="3" name="Default test" time="41.593" errors="0" timestamp="2020-03-14T12:24:21 PDT">
  <testcase classname="com.AutomationTalks.demoProject1.TestClass1" name="Test1" time="9.19"/>
  <testcase classname="com.AutomationTalks.demoProject1.TestClass1" name="Test2" time="3.693"/>
  <testcase classname="com.AutomationTalks.demoProject1.TestClass1" name="Test3" time="3.591"/>
</testsuite> <!-- Default test -->
