<?xml version="1.0" encoding="UTF-8"?>
<!-- Generated by org.testng.reporters.JUnitXMLReporter -->
<testsuite ignored="0" hostname="MacBook-Pro-97.local" failures="0" tests="3" name="Test" time="11.607" errors="0" timestamp="2020-03-12T17:01:38 PDT">
  <testcase classname="com.AutomationTalks.demoProject1.TestClass1" name="Test1" time="2.336"/>
  <testcase classname="com.AutomationTalks.demoProject1.TestClass1" name="Test2" time="2.299"/>
  <testcase classname="com.AutomationTalks.demoProject1.TestClass1" name="Test3" time="2.367"/>
</testsuite> <!-- Test -->
