<?xml version="1.0" encoding="UTF-8"?>
<!-- Generated by org.testng.reporters.JUnitXMLReporter -->
<testsuite ignored="0" hostname="M-C02Z52HCLVDQ.nordstrom.net" failures="0" tests="3" name="Test" time="20.205" errors="0" timestamp="2021-08-20T14:25:00 PDT">
  <testcase classname="com.AutomationTalks.demoProject1.TestClass1" name="Test1" time="7.765"/>
  <testcase classname="com.AutomationTalks.demoProject1.TestClass1" name="Test2" time="2.738"/>
  <testcase classname="com.AutomationTalks.demoProject1.TestClass1" name="Test3" time="2.819"/>
</testsuite> <!-- Test -->
