<?xml version="1.0" encoding="UTF-8"?>
<!-- Generated by org.testng.reporters.JUnitXMLReporter -->
<testsuite ignored="0" hostname="macbook-pro-97.lan" failures="0" tests="3" name="Test" time="18.746" errors="0" timestamp="2020-03-12T23:08:12 PDT">
  <testcase classname="com.AutomationTalks.demoProject1.TestClass1" name="Test1" time="7.404"/>
  <testcase classname="com.AutomationTalks.demoProject1.TestClass1" name="Test2" time="3.245"/>
  <testcase classname="com.AutomationTalks.demoProject1.TestClass1" name="Test3" time="2.275"/>
</testsuite> <!-- Test -->
