<?xml version="1.0" encoding="UTF-8"?>
<!-- Generated by org.testng.reporters.JUnitXMLReporter -->
<testsuite ignored="0" hostname="MacBook-Pro-97.local" failures="0" tests="3" name="Test" time="22.384" errors="0" timestamp="2020-03-12T19:11:46 PDT">
  <testcase classname="com.AutomationTalks.demoProject1.TestClass1" name="Test1" time="7.076"/>
  <testcase classname="com.AutomationTalks.demoProject1.TestClass1" name="Test2" time="4.301"/>
  <testcase classname="com.AutomationTalks.demoProject1.TestClass1" name="Test3" time="4.575"/>
</testsuite> <!-- Test -->
