<?xml version="1.0" encoding="UTF-8"?>
<!-- Generated by org.testng.reporters.JUnitXMLReporter -->
<testsuite ignored="0" hostname="M-C02Z52HCLVDQ.nordstrom.net" failures="0" tests="3" name="Test" time="19.509" errors="0" timestamp="2021-08-22T11:11:26 PDT">
  <testcase classname="com.AutomationTalks.demoProject1.TestClass1" name="Test1" time="6.557"/>
  <testcase classname="com.AutomationTalks.demoProject1.TestClass1" name="Test2" time="3.104"/>
  <testcase classname="com.AutomationTalks.demoProject1.TestClass1" name="Test3" time="2.84"/>
</testsuite> <!-- Test -->
