<?xml version="1.0" encoding="UTF-8"?>
<testng-results ignored="0" total="3" passed="3" failed="0" skipped="0">
  <reporter-output>
  </reporter-output>
  <suite started-at="2020-03-12T19:11:24 PDT" name="Suite" finished-at="2020-03-12T19:11:46 PDT" duration-ms="22384">
    <groups>
    </groups>
    <test started-at="2020-03-12T19:11:24 PDT" name="Test" finished-at="2020-03-12T19:11:46 PDT" duration-ms="22384">
      <class name="com.AutomationTalks.demoProject1.TestClass1">
        <test-method is-config="true" signature="launchDriver()[pri:0, instance:com.AutomationTalks.demoProject1.TestClass1@74294adb]" started-at="2020-03-12T19:11:24 PDT" name="launchDriver" finished-at="2020-03-12T19:11:27 PDT" duration-ms="3166" status="PASS">
          <reporter-output>
          </reporter-output>
        </test-method> <!-- launchDriver -->
        <test-method signature="Test1()[pri:0, instance:com.AutomationTalks.demoProject1.TestClass1@74294adb]" started-at="2020-03-12T19:11:27 PDT" name="Test1" finished-at="2020-03-12T19:11:34 PDT" duration-ms="7076" status="PASS">
          <reporter-output>
          </reporter-output>
        </test-method> <!-- Test1 -->
        <test-method is-config="true" signature="quit()[pri:0, instance:com.AutomationTalks.demoProject1.TestClass1@74294adb]" started-at="2020-03-12T19:11:34 PDT" name="quit" finished-at="2020-03-12T19:11:34 PDT" duration-ms="86" status="PASS">
          <reporter-output>
          </reporter-output>
        </test-method> <!-- quit -->
        <test-method is-config="true" signature="launchDriver()[pri:0, instance:com.AutomationTalks.demoProject1.TestClass1@74294adb]" started-at="2020-03-12T19:11:34 PDT" name="launchDriver" finished-at="2020-03-12T19:11:36 PDT" duration-ms="1524" status="PASS">
          <reporter-output>
          </reporter-output>
        </test-method> <!-- launchDriver -->
        <test-method signature="Test2()[pri:0, instance:com.AutomationTalks.demoProject1.TestClass1@74294adb]" started-at="2020-03-12T19:11:36 PDT" name="Test2" finished-at="2020-03-12T19:11:40 PDT" duration-ms="4301" status="PASS">
          <reporter-output>
          </reporter-output>
        </test-method> <!-- Test2 -->
        <test-method is-config="true" signature="quit()[pri:0, instance:com.AutomationTalks.demoProject1.TestClass1@74294adb]" started-at="2020-03-12T19:11:40 PDT" name="quit" finished-at="2020-03-12T19:11:40 PDT" duration-ms="251" status="PASS">
          <reporter-output>
          </reporter-output>
        </test-method> <!-- quit -->
        <test-method is-config="true" signature="launchDriver()[pri:0, instance:com.AutomationTalks.demoProject1.TestClass1@74294adb]" started-at="2020-03-12T19:11:40 PDT" name="launchDriver" finished-at="2020-03-12T19:11:42 PDT" duration-ms="1272" status="PASS">
          <reporter-output>
          </reporter-output>
        </test-method> <!-- launchDriver -->
        <test-method signature="Test3()[pri:0, instance:com.AutomationTalks.demoProject1.TestClass1@74294adb]" started-at="2020-03-12T19:11:42 PDT" name="Test3" finished-at="2020-03-12T19:11:46 PDT" duration-ms="4575" status="PASS">
          <reporter-output>
          </reporter-output>
        </test-method> <!-- Test3 -->
        <test-method is-config="true" signature="quit()[pri:0, instance:com.AutomationTalks.demoProject1.TestClass1@74294adb]" started-at="2020-03-12T19:11:46 PDT" name="quit" finished-at="2020-03-12T19:11:46 PDT" duration-ms="88" status="PASS">
          <reporter-output>
          </reporter-output>
        </test-method> <!-- quit -->
      </class> <!-- com.AutomationTalks.demoProject1.TestClass1 -->
    </test> <!-- Test -->
  </suite> <!-- Suite -->
</testng-results>
