<?xml version="1.0" encoding="UTF-8"?>
<testng-results ignored="0" total="3" passed="3" failed="0" skipped="0">
  <reporter-output>
  </reporter-output>
  <suite started-at="2021-08-22T11:11:06 PDT" name="Suite" finished-at="2021-08-22T11:11:26 PDT" duration-ms="19509">
    <groups>
    </groups>
    <test started-at="2021-08-22T11:11:06 PDT" name="Test" finished-at="2021-08-22T11:11:26 PDT" duration-ms="19509">
      <class name="com.AutomationTalks.demoProject1.TestClass1">
        <test-method is-config="true" signature="launchDriver()[pri:0, instance:com.AutomationTalks.demoProject1.TestClass1@57175e74]" started-at="2021-08-22T11:11:06 PDT" name="launchDriver" finished-at="2021-08-22T11:11:10 PDT" duration-ms="3262" status="PASS">
          <reporter-output>
          </reporter-output>
        </test-method> <!-- launchDriver -->
        <test-method signature="Test1()[pri:0, instance:com.AutomationTalks.demoProject1.TestClass1@57175e74]" started-at="2021-08-22T11:11:10 PDT" name="Test1" finished-at="2021-08-22T11:11:16 PDT" duration-ms="6557" status="PASS">
          <reporter-output>
          </reporter-output>
        </test-method> <!-- Test1 -->
        <test-method is-config="true" signature="quit()[pri:0, instance:com.AutomationTalks.demoProject1.TestClass1@57175e74]" started-at="2021-08-22T11:11:16 PDT" name="quit" finished-at="2021-08-22T11:11:16 PDT" duration-ms="144" status="PASS">
          <reporter-output>
          </reporter-output>
        </test-method> <!-- quit -->
        <test-method is-config="true" signature="launchDriver()[pri:0, instance:com.AutomationTalks.demoProject1.TestClass1@57175e74]" started-at="2021-08-22T11:11:16 PDT" name="launchDriver" finished-at="2021-08-22T11:11:18 PDT" duration-ms="1643" status="PASS">
          <reporter-output>
          </reporter-output>
        </test-method> <!-- launchDriver -->
        <test-method signature="Test2()[pri:0, instance:com.AutomationTalks.demoProject1.TestClass1@57175e74]" started-at="2021-08-22T11:11:18 PDT" name="Test2" finished-at="2021-08-22T11:11:21 PDT" duration-ms="3104" status="PASS">
          <reporter-output>
          </reporter-output>
        </test-method> <!-- Test2 -->
        <test-method is-config="true" signature="quit()[pri:0, instance:com.AutomationTalks.demoProject1.TestClass1@57175e74]" started-at="2021-08-22T11:11:21 PDT" name="quit" finished-at="2021-08-22T11:11:21 PDT" duration-ms="87" status="PASS">
          <reporter-output>
          </reporter-output>
        </test-method> <!-- quit -->
        <test-method is-config="true" signature="launchDriver()[pri:0, instance:com.AutomationTalks.demoProject1.TestClass1@57175e74]" started-at="2021-08-22T11:11:21 PDT" name="launchDriver" finished-at="2021-08-22T11:11:23 PDT" duration-ms="1754" status="PASS">
          <reporter-output>
          </reporter-output>
        </test-method> <!-- launchDriver -->
        <test-method signature="Test3()[pri:0, instance:com.AutomationTalks.demoProject1.TestClass1@57175e74]" started-at="2021-08-22T11:11:23 PDT" name="Test3" finished-at="2021-08-22T11:11:26 PDT" duration-ms="2840" status="PASS">
          <reporter-output>
          </reporter-output>
        </test-method> <!-- Test3 -->
        <test-method is-config="true" signature="quit()[pri:0, instance:com.AutomationTalks.demoProject1.TestClass1@57175e74]" started-at="2021-08-22T11:11:26 PDT" name="quit" finished-at="2021-08-22T11:11:26 PDT" duration-ms="87" status="PASS">
          <reporter-output>
          </reporter-output>
        </test-method> <!-- quit -->
      </class> <!-- com.AutomationTalks.demoProject1.TestClass1 -->
    </test> <!-- Test -->
  </suite> <!-- Suite -->
</testng-results>
