<?xml version="1.0" encoding="UTF-8"?>
<testsuite xmlns:xsi="http://www.w3.org/2001/XMLSchema-instance" xsi:noNamespaceSchemaLocation="https://maven.apache.org/surefire/maven-surefire-plugin/xsd/surefire-test-report-3.0.xsd" version="3.0" name="TestSuite" time="22.885" tests="3" errors="0" skipped="0" failures="0">
  <properties>
[...]
</properties>
  <testcase name="Test1" classname="com.AutomationTalks.demoProject1.TestClass1" time="7.076"/>
  <testcase name="Test2" classname="com.AutomationTalks.demoProject1.TestClass1" time="4.302"/>
  <testcase name="Test3" classname="com.AutomationTalks.demoProject1.TestClass1" time="4.575"/>
</testsuite>