<?xml version="1.0" encoding="UTF-8"?>
<testng-results ignored="0" total="3" passed="3" failed="0" skipped="0">
  <reporter-output>
  </reporter-output>
  <suite started-at="2020-03-14T12:23:40 PDT" name="Default suite" finished-at="2020-03-14T12:24:21 PDT" duration-ms="41593">
    <groups>
    </groups>
    <test started-at="2020-03-14T12:23:40 PDT" name="Default test" finished-at="2020-03-14T12:24:21 PDT" duration-ms="41593">
      <class name="com.AutomationTalks.demoProject1.TestClass1">
        <test-method is-config="true" signature="launchDriver()[pri:0, instance:com.AutomationTalks.demoProject1.TestClass1@2c34f934]" started-at="2020-03-14T12:23:40 PDT" name="launchDriver" finished-at="2020-03-14T12:23:48 PDT" duration-ms="7948" status="PASS">
          <reporter-output>
          </reporter-output>
        </test-method> <!-- launchDriver -->
        <test-method signature="Test1()[pri:0, instance:com.AutomationTalks.demoProject1.TestClass1@2c34f934]" started-at="2020-03-14T12:23:48 PDT" name="Test1" finished-at="2020-03-14T12:23:57 PDT" duration-ms="9190" status="PASS">
          <reporter-output>
          </reporter-output>
        </test-method> <!-- Test1 -->
        <test-method is-config="true" signature="quit()[pri:0, instance:com.AutomationTalks.demoProject1.TestClass1@2c34f934]" started-at="2020-03-14T12:23:57 PDT" name="quit" finished-at="2020-03-14T12:23:58 PDT" duration-ms="871" status="PASS">
          <reporter-output>
          </reporter-output>
        </test-method> <!-- quit -->
        <test-method is-config="true" signature="launchDriver()[pri:0, instance:com.AutomationTalks.demoProject1.TestClass1@2c34f934]" started-at="2020-03-14T12:23:58 PDT" name="launchDriver" finished-at="2020-03-14T12:24:05 PDT" duration-ms="7043" status="PASS">
          <reporter-output>
          </reporter-output>
        </test-method> <!-- launchDriver -->
        <test-method signature="Test2()[pri:0, instance:com.AutomationTalks.demoProject1.TestClass1@2c34f934]" started-at="2020-03-14T12:24:05 PDT" name="Test2" finished-at="2020-03-14T12:24:08 PDT" duration-ms="3693" status="PASS">
          <reporter-output>
          </reporter-output>
        </test-method> <!-- Test2 -->
        <test-method is-config="true" signature="quit()[pri:0, instance:com.AutomationTalks.demoProject1.TestClass1@2c34f934]" started-at="2020-03-14T12:24:08 PDT" name="quit" finished-at="2020-03-14T12:24:09 PDT" duration-ms="729" status="PASS">
          <reporter-output>
          </reporter-output>
        </test-method> <!-- quit -->
        <test-method is-config="true" signature="launchDriver()[pri:0, instance:com.AutomationTalks.demoProject1.TestClass1@2c34f934]" started-at="2020-03-14T12:24:09 PDT" name="launchDriver" finished-at="2020-03-14T12:24:17 PDT" duration-ms="7623" status="PASS">
          <reporter-output>
          </reporter-output>
        </test-method> <!-- launchDriver -->
        <test-method signature="Test3()[pri:0, instance:com.AutomationTalks.demoProject1.TestClass1@2c34f934]" started-at="2020-03-14T12:24:17 PDT" name="Test3" finished-at="2020-03-14T12:24:20 PDT" duration-ms="3591" status="PASS">
          <reporter-output>
          </reporter-output>
        </test-method> <!-- Test3 -->
        <test-method is-config="true" signature="quit()[pri:0, instance:com.AutomationTalks.demoProject1.TestClass1@2c34f934]" started-at="2020-03-14T12:24:20 PDT" name="quit" finished-at="2020-03-14T12:24:21 PDT" duration-ms="868" status="PASS">
          <reporter-output>
          </reporter-output>
        </test-method> <!-- quit -->
      </class> <!-- com.AutomationTalks.demoProject1.TestClass1 -->
    </test> <!-- Default test -->
  </suite> <!-- Default suite -->
</testng-results>
