<?xml version="1.0" encoding="UTF-8"?>
<testng-results ignored="0" total="3" passed="3" failed="0" skipped="0">
  <reporter-output>
  </reporter-output>
  <suite started-at="2020-03-14T02:17:14 PDT" name="Default suite" finished-at="2020-03-14T02:17:29 PDT" duration-ms="14478">
    <groups>
    </groups>
    <test started-at="2020-03-14T02:17:14 PDT" name="Default test" finished-at="2020-03-14T02:17:29 PDT" duration-ms="14478">
      <class name="com.AutomationTalks.demoProject1.TestClass1">
        <test-method is-config="true" signature="launchDriver()[pri:0, instance:com.AutomationTalks.demoProject1.TestClass1@2c34f934]" started-at="2020-03-14T02:17:14 PDT" name="launchDriver" finished-at="2020-03-14T02:17:17 PDT" duration-ms="2613" status="PASS">
          <reporter-output>
          </reporter-output>
        </test-method> <!-- launchDriver -->
        <test-method signature="Test1()[pri:0, instance:com.AutomationTalks.demoProject1.TestClass1@2c34f934]" started-at="2020-03-14T02:17:17 PDT" name="Test1" finished-at="2020-03-14T02:17:22 PDT" duration-ms="4617" status="PASS">
          <reporter-output>
          </reporter-output>
        </test-method> <!-- Test1 -->
        <test-method is-config="true" signature="quit()[pri:0, instance:com.AutomationTalks.demoProject1.TestClass1@2c34f934]" started-at="2020-03-14T02:17:22 PDT" name="quit" finished-at="2020-03-14T02:17:22 PDT" duration-ms="61" status="PASS">
          <reporter-output>
          </reporter-output>
        </test-method> <!-- quit -->
        <test-method is-config="true" signature="launchDriver()[pri:0, instance:com.AutomationTalks.demoProject1.TestClass1@2c34f934]" started-at="2020-03-14T02:17:22 PDT" name="launchDriver" finished-at="2020-03-14T02:17:23 PDT" duration-ms="1575" status="PASS">
          <reporter-output>
          </reporter-output>
        </test-method> <!-- launchDriver -->
        <test-method signature="Test2()[pri:0, instance:com.AutomationTalks.demoProject1.TestClass1@2c34f934]" started-at="2020-03-14T02:17:23 PDT" name="Test2" finished-at="2020-03-14T02:17:25 PDT" duration-ms="1961" status="PASS">
          <reporter-output>
          </reporter-output>
        </test-method> <!-- Test2 -->
        <test-method is-config="true" signature="quit()[pri:0, instance:com.AutomationTalks.demoProject1.TestClass1@2c34f934]" started-at="2020-03-14T02:17:25 PDT" name="quit" finished-at="2020-03-14T02:17:25 PDT" duration-ms="62" status="PASS">
          <reporter-output>
          </reporter-output>
        </test-method> <!-- quit -->
        <test-method is-config="true" signature="launchDriver()[pri:0, instance:com.AutomationTalks.demoProject1.TestClass1@2c34f934]" started-at="2020-03-14T02:17:25 PDT" name="launchDriver" finished-at="2020-03-14T02:17:27 PDT" duration-ms="1465" status="PASS">
          <reporter-output>
          </reporter-output>
        </test-method> <!-- launchDriver -->
        <test-method signature="Test3()[pri:0, instance:com.AutomationTalks.demoProject1.TestClass1@2c34f934]" started-at="2020-03-14T02:17:27 PDT" name="Test3" finished-at="2020-03-14T02:17:29 PDT" duration-ms="2027" status="PASS">
          <reporter-output>
          </reporter-output>
        </test-method> <!-- Test3 -->
        <test-method is-config="true" signature="quit()[pri:0, instance:com.AutomationTalks.demoProject1.TestClass1@2c34f934]" started-at="2020-03-14T02:17:29 PDT" name="quit" finished-at="2020-03-14T02:17:29 PDT" duration-ms="61" status="PASS">
          <reporter-output>
          </reporter-output>
        </test-method> <!-- quit -->
      </class> <!-- com.AutomationTalks.demoProject1.TestClass1 -->
    </test> <!-- Default test -->
  </suite> <!-- Default suite -->
</testng-results>
